<?xml version="1.0" encoding="UTF-8"?>
<!-- Generated by org.testng.reporters.JUnitXMLReporter -->
<testsuite ignored="2" hostname="LAPTOP-9E59NDIJ" failures="0" tests="1" name="Default test" time="7.772" errors="0" timestamp="2026-04-16T00:57:42 IST">
  <testcase classname="swaglabs_test.LoginTest" name="lockedOut" time="0.443"/>
  <testcase classname="swaglabs_test.LoginTest" name="LoginFailureTest" time="0.0">
    <ignored/>
  </testcase> <!-- LoginFailureTest -->
  <testcase classname="swaglabs_test.LoginTest" name="LoginSuccessTest" time="0.0">
    <ignored/>
  </testcase> <!-- LoginSuccessTest -->
</testsuite> <!-- Default test -->
