<?xml version="1.0" encoding="UTF-8"?>
<!-- Generated by org.testng.reporters.JUnitXMLReporter -->
<testsuite ignored="0" hostname="LAPTOP-9E59NDIJ" failures="0" tests="3" name="Default test" time="17.585" errors="0" timestamp="2026-04-16T01:31:42 IST">
  <testcase classname="swaglabs_test.LoginTest" name="LoginSuccessTest" time="0.442"/>
  <testcase classname="swaglabs_test.LoginTest" name="lockedOut" time="0.439"/>
  <testcase classname="swaglabs_test.LoginTest" name="LoginFailureTest" time="0.42"/>
</testsuite> <!-- Default test -->
