<?xml version="1.0" encoding="UTF-8"?>
<!-- Generated by org.testng.reporters.JUnitXMLReporter -->
<testsuite ignored="5" hostname="LAPTOP-9E59NDIJ" failures="0" tests="1" name="SmokeTest" time="0.058" errors="0" timestamp="2026-04-14T19:10:56 IST">
  <testcase classname="testing.Annotations2" name="test3" time="0.005"/>
  <testcase classname="testing.Annotations" name="Test2" time="0.0">
    <ignored/>
  </testcase> <!-- Test2 -->
  <testcase classname="testing.AnnotationsAll" name="Test1" time="0.0">
    <ignored/>
  </testcase> <!-- Test1 -->
  <testcase classname="testing.Annotations" name="Test1" time="0.0">
    <ignored/>
  </testcase> <!-- Test1 -->
  <testcase classname="testing.AnnotationsAll" name="Test2" time="0.0">
    <ignored/>
  </testcase> <!-- Test2 -->
  <testcase classname="testing.Annotations2" name="test4" time="0.0">
    <ignored/>
  </testcase> <!-- test4 -->
</testsuite> <!-- SmokeTest -->
