<?xml version="1.0" encoding="UTF-8"?>
<testng-results ignored="0" total="3" passed="3" failed="0" skipped="0">
  <reporter-output>
  </reporter-output>
  <suite started-at="2026-04-16T01:31:25 IST" name="Default suite" finished-at="2026-04-16T01:31:42 IST" duration-ms="17585">
    <groups>
    </groups>
    <test started-at="2026-04-16T01:31:25 IST" name="Default test" finished-at="2026-04-16T01:31:42 IST" duration-ms="17585">
      <class name="swaglabs_test.LoginTest">
        <test-method is-config="true" signature="setUp()[pri:0, instance:swaglabs_test.LoginTest@771a660]" started-at="2026-04-16T01:31:25 IST" name="setUp" finished-at="2026-04-16T01:31:28 IST" duration-ms="3561" status="PASS">
          <reporter-output>
          </reporter-output>
        </test-method> <!-- setUp -->
        <test-method signature="LoginSuccessTest()[pri:0, instance:swaglabs_test.LoginTest@771a660]" started-at="2026-04-16T01:31:28 IST" name="LoginSuccessTest" finished-at="2026-04-16T01:31:29 IST" duration-ms="442" status="PASS">
          <reporter-output>
          </reporter-output>
        </test-method> <!-- LoginSuccessTest -->
        <test-method is-config="true" signature="tearDown()[pri:0, instance:swaglabs_test.LoginTest@771a660]" started-at="2026-04-16T01:31:29 IST" name="tearDown" finished-at="2026-04-16T01:31:32 IST" duration-ms="3228" status="PASS">
          <reporter-output>
          </reporter-output>
        </test-method> <!-- tearDown -->
        <test-method is-config="true" signature="setUp()[pri:0, instance:swaglabs_test.LoginTest@771a660]" started-at="2026-04-16T01:31:32 IST" name="setUp" finished-at="2026-04-16T01:31:34 IST" duration-ms="1514" status="PASS">
          <reporter-output>
          </reporter-output>
        </test-method> <!-- setUp -->
        <test-method signature="lockedOut()[pri:0, instance:swaglabs_test.LoginTest@771a660]" started-at="2026-04-16T01:31:34 IST" name="lockedOut" finished-at="2026-04-16T01:31:34 IST" duration-ms="439" status="PASS">
          <reporter-output>
          </reporter-output>
        </test-method> <!-- lockedOut -->
        <test-method is-config="true" signature="tearDown()[pri:0, instance:swaglabs_test.LoginTest@771a660]" started-at="2026-04-16T01:31:34 IST" name="tearDown" finished-at="2026-04-16T01:31:37 IST" duration-ms="3206" status="PASS">
          <reporter-output>
          </reporter-output>
        </test-method> <!-- tearDown -->
        <test-method is-config="true" signature="setUp()[pri:0, instance:swaglabs_test.LoginTest@771a660]" started-at="2026-04-16T01:31:37 IST" name="setUp" finished-at="2026-04-16T01:31:39 IST" duration-ms="1504" status="PASS">
          <reporter-output>
          </reporter-output>
        </test-method> <!-- setUp -->
        <test-method signature="LoginFailureTest()[pri:1, instance:swaglabs_test.LoginTest@771a660]" started-at="2026-04-16T01:31:39 IST" name="LoginFailureTest" finished-at="2026-04-16T01:31:39 IST" duration-ms="420" status="PASS">
          <reporter-output>
          </reporter-output>
        </test-method> <!-- LoginFailureTest -->
        <test-method is-config="true" signature="tearDown()[pri:0, instance:swaglabs_test.LoginTest@771a660]" started-at="2026-04-16T01:31:39 IST" name="tearDown" finished-at="2026-04-16T01:31:42 IST" duration-ms="3209" status="PASS">
          <reporter-output>
          </reporter-output>
        </test-method> <!-- tearDown -->
      </class> <!-- swaglabs_test.LoginTest -->
    </test> <!-- Default test -->
  </suite> <!-- Default suite -->
</testng-results>
