<?xml version="1.0" encoding="UTF-8"?>
<testng-results ignored="0" total="2" passed="2" failed="0" skipped="0">
  <reporter-output>
  </reporter-output>
  <suite started-at="2026-04-15T00:16:08 IST" name="Default suite" finished-at="2026-04-15T00:16:22 IST" duration-ms="14783">
    <groups>
    </groups>
    <test started-at="2026-04-15T00:16:08 IST" name="Default test" finished-at="2026-04-15T00:16:22 IST" duration-ms="14783">
      <class name="swaglabs_test.LoginTest">
        <test-method is-config="true" signature="setUp()[pri:0, instance:swaglabs_test.LoginTest@73e9cf30]" started-at="2026-04-15T00:16:08 IST" name="setUp" finished-at="2026-04-15T00:16:13 IST" duration-ms="5075" status="PASS">
          <reporter-output>
          </reporter-output>
        </test-method> <!-- setUp -->
        <test-method signature="LoginSuccessTest()[pri:0, instance:swaglabs_test.LoginTest@73e9cf30]" started-at="2026-04-15T00:16:13 IST" name="LoginSuccessTest" finished-at="2026-04-15T00:16:13 IST" duration-ms="394" status="PASS">
          <reporter-output>
          </reporter-output>
        </test-method> <!-- LoginSuccessTest -->
        <test-method is-config="true" signature="tearDown()[pri:0, instance:swaglabs_test.LoginTest@73e9cf30]" started-at="2026-04-15T00:16:13 IST" name="tearDown" finished-at="2026-04-15T00:16:16 IST" duration-ms="3241" status="PASS">
          <reporter-output>
          </reporter-output>
        </test-method> <!-- tearDown -->
        <test-method is-config="true" signature="setUp()[pri:0, instance:swaglabs_test.LoginTest@73e9cf30]" started-at="2026-04-15T00:16:16 IST" name="setUp" finished-at="2026-04-15T00:16:19 IST" duration-ms="2300" status="PASS">
          <reporter-output>
          </reporter-output>
        </test-method> <!-- setUp -->
        <test-method signature="LoginFailureTest()[pri:1, instance:swaglabs_test.LoginTest@73e9cf30]" started-at="2026-04-15T00:16:19 IST" name="LoginFailureTest" finished-at="2026-04-15T00:16:19 IST" duration-ms="358" status="PASS">
          <reporter-output>
          </reporter-output>
        </test-method> <!-- LoginFailureTest -->
        <test-method is-config="true" signature="tearDown()[pri:0, instance:swaglabs_test.LoginTest@73e9cf30]" started-at="2026-04-15T00:16:19 IST" name="tearDown" finished-at="2026-04-15T00:16:22 IST" duration-ms="3347" status="PASS">
          <reporter-output>
          </reporter-output>
        </test-method> <!-- tearDown -->
      </class> <!-- swaglabs_test.LoginTest -->
    </test> <!-- Default test -->
  </suite> <!-- Default suite -->
</testng-results>
