<?xml version="1.0" encoding="UTF-8"?>
<!-- Generated by org.testng.reporters.JUnitReportReporter -->
<testsuite hostname="LAPTOP-9E59NDIJ" failures="0" tests="3" name="swaglabs_test.LoginTest" time="17.523" errors="0" timestamp="2026-04-16T01:31:43 IST" skipped="0">
  <testcase classname="swaglabs_test.LoginTest" name="lockedOut" time="7.209"/>
  <testcase classname="swaglabs_test.LoginTest" name="LoginSuccessTest" time="5.152"/>
  <testcase classname="swaglabs_test.LoginTest" name="LoginFailureTest" time="5.162"/>
</testsuite> <!-- swaglabs_test.LoginTest -->
